// 重构日志: d8d9b9ef
// 重构日志: e0d9c310
// 重构日志: f9f652a2
// 同步 ID: 55855269 @ Fri Jun 26 00:11:51 UTC 2026
// 重构日志: f6563bcd
// 同步 ID: 1b0800b2 @ Sat Jun 27 15:20:39 UTC 2026
// 同步 ID: a232b94c @ Mon Jun 29 13:07:53 UTC 2026
// 同步 ID: 6bfb15f7 @ Tue Jul  7 11:34:52 UTC 2026
// 重构日志: 7a49f715
// 同步 ID: 962a387b @ Wed Jul  8 05:50:46 UTC 2026
// 同步 ID: 364d5261 @ Wed Jul  8 08:06:38 UTC 2026
// 重构日志: 3dbbbcdc
// 同步 ID: fab6713e @ Thu Jul  9 16:05:25 UTC 2026
// 同步 ID: fdd8dbb9 @ Thu Jul  9 18:26:59 UTC 2026
// 重构日志: a8c5d9e9
// 重构日志: ffb9f1de
// 重构日志: ea770c71
// 同步 ID: 12e2528e @ Sun Jul 12 14:29:58 UTC 2026
// 同步 ID: 41e7cf1e @ Sun Jul 12 16:21:11 UTC 2026
// 重构日志: adbe2f85
// 重构日志: d3ea6dbc
// 同步 ID: fa0acc5b @ Mon Jul 13 14:33:38 UTC 2026
// 同步 ID: 06a05fde @ Tue Jul 14 01:50:20 UTC 2026
